<?xml version="1.0" encoding="UTF-8"?>
<!-- Generated by org.testng.reporters.JUnitReportReporter -->
<testsuite hostname="Ved" failures="0" tests="9" name="com.AmazonTestCases.LaptopPageTestCases" time="193.573" errors="0" timestamp="2025-01-26T19:03:18 IST" skipped="0">
  <testcase classname="com.AmazonTestCases.LaptopPageTestCases" name="verifyUrl" time="7.049"/>
  <system-out/>
  <testcase classname="com.AmazonTestCases.LaptopPageTestCases" name="verifyUrl" time="7.034"/>
  <system-out/>
  <testcase classname="com.AmazonTestCases.LaptopPageTestCases" name="verifyUrl" time="7.025"/>
  <system-out/>
  <testcase classname="com.AmazonTestCases.LaptopPageTestCases" name="verifyTitle" time="7.018"/>
  <system-out/>
  <testcase classname="com.AmazonTestCases.LaptopPageTestCases" name="verifyTitle" time="7.028"/>
  <system-out/>
  <testcase classname="com.AmazonTestCases.LaptopPageTestCases" name="verifyTitle" time="7.024"/>
  <system-out/>
  <testcase classname="com.AmazonTestCases.LaptopPageTestCases" name="validateElectronics" time="44.064"/>
  <system-out/>
  <testcase classname="com.AmazonTestCases.LaptopPageTestCases" name="validateElectronics" time="54.891"/>
  <system-out/>
  <testcase classname="com.AmazonTestCases.LaptopPageTestCases" name="validateElectronics" time="52.440"/>
  <system-out/>
</testsuite> <!-- com.AmazonTestCases.LaptopPageTestCases -->
