<?xml version="1.0" encoding="UTF-8"?>
<!-- Generated by org.testng.reporters.JUnitReportReporter -->
<testsuite hostname="Ved" failures="0" tests="9" name="com.AmazonTestCases.LaptopPageTestCases" time="309.528" errors="0" timestamp="2025-01-26T20:47:07 IST" skipped="0">
  <testcase classname="com.AmazonTestCases.LaptopPageTestCases" name="verifyUrl" time="7.020"/>
  <system-out/>
  <testcase classname="com.AmazonTestCases.LaptopPageTestCases" name="verifyUrl" time="7.022"/>
  <system-out/>
  <testcase classname="com.AmazonTestCases.LaptopPageTestCases" name="verifyUrl" time="7.052"/>
  <system-out/>
  <testcase classname="com.AmazonTestCases.LaptopPageTestCases" name="verifyTitle" time="7.016"/>
  <system-out/>
  <testcase classname="com.AmazonTestCases.LaptopPageTestCases" name="verifyTitle" time="7.030"/>
  <system-out/>
  <testcase classname="com.AmazonTestCases.LaptopPageTestCases" name="verifyTitle" time="7.016"/>
  <system-out/>
  <testcase classname="com.AmazonTestCases.LaptopPageTestCases" name="validateElectronics" time="89.898"/>
  <system-out/>
  <testcase classname="com.AmazonTestCases.LaptopPageTestCases" name="validateElectronics" time="77.445"/>
  <system-out/>
  <testcase classname="com.AmazonTestCases.LaptopPageTestCases" name="validateElectronics" time="100.029"/>
  <system-out/>
</testsuite> <!-- com.AmazonTestCases.LaptopPageTestCases -->
